<?xml version="1.0" encoding="UTF-8"?>
<!-- Generated by org.testng.reporters.JUnitXMLReporter -->
<testsuite hostname="DESKTOP-R5BIB3E" ignored="0" name="Surefire test" tests="6" failures="0" timestamp="30 Mar 2020 06:18:50 GMT" time="0.039" errors="0">
  <testcase name="AndriodApp" time="0.007" classname="hptours.AppiumTest"/>
  <testcase name="NativeApp" time="0.0" classname="hptours.AppiumTest"/>
  <testcase name="PostJira" time="0.0" classname="hptours.RESTApiTest"/>
  <testcase name="deleteRecord" time="0.0" classname="hptours.RESTApiTest"/>
  <testcase name="BrowserAutomation" time="0.0" classname="hptours.SeleniumTest"/>
  <testcase name="elementsUi" time="0.001" classname="hptours.SeleniumTest"/>
</testsuite> <!-- Surefire test -->
